PRISM-games
===========

Version: 2.1 (based on PRISM 4.5.dev)
Date: Tue Jan 28 18:25:14 GMT 2020
Hostname: sand
Memory limits: cudd=1g, java(heap)=7.1g
Command line: prism-games aloha_backoff3.prism aloha_backoff3.props -javamaxmem 8g -prop 2 -const 'D=0,bcmax=6,q=0.9'

Parsing model file "aloha_backoff3.prism"...

Type:        CSG
Modules:     user1 user2 user3 timer 
Variables:   s1 tr1 bc1 cd1 t1 s2 tr2 bc2 cd2 t2 s3 tr3 bc3 cd3 t3 t 

Switching to explicit engine, which supports CSGs...

Parsing properties file "aloha_backoff3.props"...

2 properties:
(1) <<p2,p3>>R{"time"}min=? [ F s2=3&s3=3 ]
(2) <<p1:p2,p3>>min=? (R{"time"}[F s1=3] + R{"time"}[F s2=3&s3=3])

---------------------------------------------------------------------

Model checking: <<p1:p2,p3>>min=? (R{"time"}[F s1=3] + R{"time"}[F s2=3&s3=3])
Model constants: bcmax=6,D=0,q=0.9

Building model...
Model constants: bcmax=6,D=0,q=0.9

Computing reachable states... 84655 132109 291118 449667 466670 475890 484934 494047 500038 505494 512511 516228 523371 523399 580171 774651 962835 1128521 1288491 1474642 1669111 1862229 2035571 2214749 2236211 2433300 2618702 2786971 2941765 2959614 2976653 2988051 3007367 3017818 3061785 3085137 3116820 3190099 3322176 3334681 states
Reachable states exploration and model construction done in 131.929 secs.
Sorting reachable states list...

Time for model construction: 146.149 seconds.

Type:        CSG
States:      3334681 (1 initial)
Transitions: 17834254
Choices:     3334749
Max/avg:     8/1.00

Starting expected reachability (min)...
target=399903, inf=0, rest=2934778
For Rmin, checking for zero-reward ECs...
Time for checking for zero-reward ECs: 1.386 seconds, no zero-reward ECs found, proceeding normally.
Starting value iteration (min, with Power method)...
Iteration 8: 5.53 sec so far
Iteration 14: 10.74 sec so far
Iteration 20: 15.83 sec so far
Iteration 27: 21.50 sec so far
Iteration 34: 26.96 sec so far
Iteration 40: 31.99 sec so far
Iteration 46: 37.58 sec so far
Iteration 53: 43.08 sec so far
Iteration 61: 48.41 sec so far
Iteration 69: 53.65 sec so far
Iteration 76: 58.90 sec so far
Iteration 83: 64.27 sec so far
Iteration 90: 69.84 sec so far
Iteration 97: 75.01 sec so far
Iteration 103: 80.17 sec so far
Iteration 109: 85.25 sec so far
Iteration 116: 90.47 sec so far
Iteration 123: 96.16 sec so far
Iteration 129: 101.58 sec so far
Iteration 136: 106.59 sec so far
Iteration 142: 111.99 sec so far
Iteration 147: 116.99 sec so far
Iteration 153: 122.02 sec so far
Iteration 160: 127.95 sec so far
Iteration 166: 133.21 sec so far
Iteration 172: 138.31 sec so far
Iteration 178: 143.54 sec so far
Iteration 184: 149.25 sec so far
Iteration 191: 154.47 sec so far
Iteration 198: 160.13 sec so far
Iteration 205: 165.33 sec so far
Iteration 211: 170.50 sec so far
Iteration 218: 176.40 sec so far
Iteration 224: 181.94 sec so far
Iteration 230: 187.35 sec so far
Iteration 236: 192.67 sec so far
Iteration 242: 197.89 sec so far
Iteration 248: 203.43 sec so far
Iteration 254: 208.57 sec so far
Iteration 261: 214.35 sec so far
Value iteration (min, with Power method) took 263 iterations, 4362484096 multiplications and 216.246 seconds.
Expected reachability took 267.569 seconds.
Starting expected reachability (min)...
target=48177, inf=0, rest=3286504
For Rmin, checking for zero-reward ECs...
Time for checking for zero-reward ECs: 1.282 seconds, no zero-reward ECs found, proceeding normally.
Starting value iteration (min, with Power method)...
Iteration 6: 5.53 sec so far
Iteration 12: 10.84 sec so far
Iteration 18: 16.33 sec so far
Iteration 24: 21.45 sec so far
Iteration 30: 26.76 sec so far
Iteration 36: 31.89 sec so far
Iteration 42: 37.27 sec so far
Iteration 49: 43.26 sec so far
Iteration 54: 48.45 sec so far
Iteration 61: 53.95 sec so far
Iteration 67: 59.22 sec so far
Iteration 72: 64.42 sec so far
Iteration 78: 69.66 sec so far
Iteration 85: 74.85 sec so far
Iteration 91: 80.11 sec so far
Iteration 97: 85.63 sec so far
Iteration 103: 90.70 sec so far
Iteration 110: 96.27 sec so far
Iteration 116: 102.13 sec so far
Iteration 122: 107.63 sec so far
Iteration 129: 112.97 sec so far
Iteration 136: 118.39 sec so far
Iteration 144: 124.03 sec so far
Iteration 149: 129.18 sec so far
Iteration 155: 134.41 sec so far
Iteration 162: 139.93 sec so far
Iteration 167: 145.02 sec so far
Iteration 173: 150.72 sec so far
Iteration 179: 156.12 sec so far
Iteration 185: 162.09 sec so far
Iteration 191: 167.11 sec so far
Iteration 197: 172.53 sec so far
Iteration 203: 178.13 sec so far
Iteration 210: 183.31 sec so far
Iteration 216: 189.30 sec so far
Iteration 222: 195.06 sec so far
Iteration 228: 200.72 sec so far
Iteration 234: 206.10 sec so far
Iteration 239: 211.12 sec so far
Iteration 246: 217.02 sec so far
Iteration 252: 222.44 sec so far
Iteration 258: 227.90 sec so far
Iteration 264: 232.94 sec so far
Iteration 269: 238.04 sec so far
Value iteration (min, with Power method) took 275 iterations, 4880481100 multiplications and 243.597 seconds.
Expected reachability took 298.878 seconds.

0: (1.0,1.0)
1: (1.0,1.0)
2: (1.016249599952,1.383545874644)
3: (1.907249599952,2.2745458746439997)
4: (1.9280183529550001,2.487212877118)
5: (2.073083029715,2.622353502118)
6: (2.2509587544559997,3.204082015394)
7: (2.260289196231,3.245725615496)
8: (1.268746873893,3.467315852477)
9: (1.345428420659,3.50922058206)
10: (1.378245066605,3.52700169379)
11: (1.394902200825,3.541239552241)
12: (1.425238681481,3.56148558029)
13: (1.4456709358789999,3.579055822997)
14: (1.460393484533,3.591638936103)
15: (1.474401476406,3.600237387826)
16: (1.486065240281,3.607486759503)
17: (1.494675433609,3.613183594571)
18: (1.500916860032,3.617990167116)
19: (1.50583043958,3.622230317285)
20: (1.509856585468,3.625807664772)
21: (1.513069566266,3.628685617603)
22: (1.5157684006399998,3.630915539978)
23: (1.518044883756,3.632644717479)
24: (1.5199258333980001,3.633993012711)
25: (1.521444766658,3.635055816754)
26: (1.5226391020930001,3.63590340648)
27: (1.52356138919,3.636603157927)
28: (1.5242792495900002,3.637198693822)
29: (1.524854972399,3.637716401802)
30: (1.525332375043,3.638168531671)
31: (1.5257372784630001,3.638561295042)
32: (1.52608538247,3.638899879344)
33: (1.5263864596380001,3.639188542192)
34: (1.526648019527,3.639432023477)
35: (1.526875145527,3.639636167574)
36: (1.527072487332,3.63980628364)
37: (1.527243309243,3.639947437817)
38: (1.5273899820530001,3.640064530317)
39: (1.5275146453969999,3.640161664777)
40: (1.527619258621,3.640242399134)
41: (1.5277059533539998,3.640309547332)
42: (1.527777040313,3.640365636167)
43: (1.527835069965,3.640412918617)
44: (1.527882811945,3.640453586096)
45: (1.5279228294579998,3.640489413166)
46: (1.527957180334,3.640521626284)
47: (1.527987343423,3.640550983714)
48: (1.528014364689,3.640577930648)
49: (1.528038886729,3.640602723203)
50: (1.528061297102,3.640625520064)
51: (1.528081827715,3.640646441859)
52: (1.528100637126,3.640665590718)
53: (1.528117850078,3.640683054998)
54: (1.528133576779,3.640698922905)
55: (1.5281479208739999,3.640713277678)
56: (1.5281609793620001,3.640726209194)
57: (1.528172843647,3.640737809095)
58: (1.528183598555,3.640748173054)
59: (1.528193323652,3.64075739971)
60: (1.5282020946650001,3.64076558537)
61: (1.5282099823839999,3.640772826439)
62: (1.528217056134,3.640779218286)
63: (1.528223382058,3.640784853782)
64: (1.5282290237390002,3.640789821419)
65: (1.5282340414509998,3.640794201014)
66: (1.5282384911909999,3.6407980628)
67: (1.528242424787,3.64080146666)
68: (1.5282458894670001,3.640804463449)
69: (1.528248929128,3.640807097594)
70: (1.528251585877,3.640809410003)
71: (1.528253902206,3.64081144113)
72: (1.5282559209339999,3.640813230802)
73: (1.5282576836250001,3.640814816999)
74: (1.528259229854,3.640816234558)
75: (1.528260596445,3.640817514399)
76: (1.528261817003,3.640818683593)
77: (1.528262920982,3.640819764461)
78: (1.5282639328499998,3.640820774571)
79: (1.52826487145,3.64082172647)
80: (1.528265750346,3.64082262847)
81: (1.528266578746,3.64082348574)
82: (1.5282673627380001,3.640824301512)
83: (1.528268106218,3.640825077852)
84: (1.528268811756,3.640825816239)
85: (1.5282694811200002,3.640826517871)
86: (1.528270115667,3.640827183824)
87: (1.528270716557,3.640827815122)
88: (1.528271284865,3.640828412755)
89: (1.528271821638,3.640828977683)
90: (1.5282723279130002,3.64082951083)
91: (1.528272804727,3.640830013109)
92: (1.5282732531160002,3.64083048544)
93: (1.528273674113,3.640830928761)
94: (1.5282740687510001,3.640831344014)
95: (1.528274438058,3.640831732165)
96: (1.528274783068,3.640832094217)
97: (1.528275104812,3.640832431218)
98: (1.528275404328,3.640832744273)
99: (1.528275682654,3.640833034512)
100: (1.5282759408170001,3.640833303078)
101: (1.528276179838,3.640833551098)
102: (1.528276400724,3.640833779674)
103: (1.528276604468,3.640833989888)
104: (1.5282767920540001,3.640834182805)
105: (1.528276964459,3.640834359479)
106: (1.528277122652,3.640834520964)
107: (1.52827726758,3.640834668305)
108: (1.528277400172,3.640834802537)
109: (1.528277521322,3.640834924673)
110: (1.5282776318870002,3.640835035692)
111: (1.5282777326830002,3.640835136529)
112: (1.5282778244770001,3.640835228059)
113: (1.528277907983,3.640835311094)
114: (1.528277983867,3.640835386376)
115: (1.528278052746,3.640835454578)
116: (1.528278115193,3.640835516315)
117: (1.528278171743,3.640835572147)
118: (1.528278222894,3.640835622587)
119: (1.528278269109,3.640835668107)
120: (1.52827831082,3.640835709144)
121: (1.5282783484240001,3.6408357461)
122: (1.528278382293,3.640835779349)
123: (1.528278412773,3.640835809237)
124: (1.528278440182,3.640835836087)
125: (1.528278464819,3.640835860201)
126: (1.528278486958,3.640835881855)
127: (1.528278506856,3.64083590131)
128: (1.528278524746,3.6408359188)
129: (1.5282785408450001,3.640835934545)
130: (1.528278555351,3.640835948742)
131: (1.5282785684409999,3.640835961569)
132: (1.528278580276,3.640835973184)
133: (1.5282785909980001,3.640835983727)
134: (1.5282786007340001,3.640835993323)
135: (1.5282786095979999,3.640836002081)
136: (1.5282786176899998,3.640836010097)
137: (1.528278625099,3.640836017457)
138: (1.5282786319050001,3.640836024235)
139: (1.528278638177,3.640836030497)
140: (1.528278643973,3.640836036299)
141: (1.528278649345,3.640836041687)
142: (1.5282786543340001,3.640836046701)
143: (1.528278658976,3.640836051374)
144: (1.528278663302,3.640836055735)
145: (1.528278667336,3.640836059805)
146: (1.528278671099,3.640836063604)
147: (1.528278674609,3.64083606715)
148: (1.528278677881,3.640836070456)
149: (1.528278680931,3.640836073538)
150: (1.528278683771,3.640836076408)
151: (1.528278686412,3.640836079077)
152: (1.528278688868,3.640836081557)
153: (1.528278691148,3.64083608386)
154: (1.5282786932630001,3.640836085995)
155: (1.5282786952229999,3.640836087972)
156: (1.5282786970359998,3.640836089802)
157: (1.5282786987130001,3.640836091493)
158: (1.528278700261,3.640836093053)
159: (1.5282787016900001,3.640836094493)
160: (1.5282787030059999,3.640836095818)
161: (1.5282787042180002,3.640836097037)
162: (1.5282787053320002,3.640836098158)
163: (1.528278706355,3.640836099186)
164: (1.528278707294,3.640836100129)
165: (1.528278708155,3.640836100993)
166: (1.528278708943,3.640836101784)
167: (1.528278709663,3.640836102506)
168: (1.5282787103220001,3.640836103166)
169: (1.528278710923,3.640836103768)
170: (1.5282787114710001,3.640836104316)
171: (1.528278711971,3.640836104816)
172: (1.528278712426,3.640836105271)
173: (1.5282787128400002,3.640836105685)
174: (1.5282787132159998,3.64083610606)
175: (1.5282787135590001,3.640836106402)
176: (1.5282787138690002,3.640836106712)
177: (1.528278714152,3.640836106993)
178: (1.5282787144080001,3.640836107249)
179: (1.5282787146399999,3.64083610748)
180: (1.528278714851,3.640836107691)
181: (1.528278715043,3.640836107881)
182: (1.528278715216,3.640836108054)
183: (1.5282787153739998,3.640836108211)
184: (1.5282787155170001,3.640836108353)
185: (1.528278715646,3.640836108482)
186: (1.5282787157639999,3.6408361086)
187: (1.528278715871,3.640836108706)
188: (1.528278715968,3.640836108803)
189: (1.5282787160570002,3.640836108891)
190: (1.528278716137,3.640836108972)
191: (1.528278716211,3.640836109045)
192: (1.528278716278,3.640836109111)
193: (1.528278716339,3.640836109172)
194: (1.528278716395,3.640836109228)
195: (1.528278716446,3.640836109279)
196: (1.5282787164929998,3.640836109326)
197: (1.5282787165360001,3.640836109369)
198: (1.528278716575,3.640836109409)
199: (1.528278716612,3.640836109445)
200: (1.528278716645,3.640836109479)
201: (1.5282787166760001,3.64083610951)
202: (1.528278716705,3.640836109538)
203: (1.528278716732,3.640836109565)
204: (1.5282787167560001,3.640836109589)
205: (1.5282787167779999,3.640836109612)
206: (1.528278716799,3.640836109633)
207: (1.528278716819,3.640836109652)
208: (1.528278716837,3.64083610967)
209: (1.5282787168529999,3.640836109687)
210: (1.5282787168679999,3.640836109702)
211: (1.5282787168829999,3.640836109716)
212: (1.5282787168960001,3.640836109729)
213: (1.5282787169079999,3.640836109741)
214: (1.528278716919,3.640836109752)
215: (1.528278716929,3.640836109763)
216: (1.5282787169379999,3.640836109772)
217: (1.528278716947,3.640836109781)
218: (1.528278716955,3.640836109789)
219: (1.5282787169629999,3.640836109796)
220: (1.528278716969,3.640836109803)
221: (1.528278716975,3.640836109809)
222: (1.5282787169810002,3.640836109815)
223: (1.5282787169860002,3.64083610982)
224: (1.5282787169910002,3.640836109825)
225: (1.5282787169960002,3.640836109829)
226: (1.528278717,3.640836109833)
227: (1.5282787170029999,3.640836109837)
228: (1.528278717007,3.64083610984)
229: (1.52827871701,3.640836109843)
230: (1.528278717012,3.640836109846)
231: (1.528278717015,3.640836109849)
232: (1.528278717017,3.640836109851)
233: (1.528278717019,3.640836109853)
234: (1.5282787170210002,3.640836109855)
235: (1.5282787170229999,3.640836109857)
236: (1.528278717025,3.640836109858)
237: (1.5282787170260002,3.64083610986)
238: (1.528278717027,3.640836109861)
239: (1.528278717029,3.640836109862)
240: (1.52827871703,3.640836109864)
241: (1.5282787170310002,3.640836109865)
242: (1.528278717032,3.640836109865)
243: (1.528278717033,3.640836109866)
244: (1.528278717033,3.640836109867)
245: (1.528278717034,3.640836109868)
246: (1.528278717035,3.640836109868)
247: (1.528278717035,3.640836109869)
248: (1.5282787170360002,3.64083610987)
249: (1.5282787170360002,3.64083610987)
250: (1.528278717037,3.64083610987)
251: (1.528278717037,3.640836109871)
252: (1.528278717037,3.640836109871)
253: (1.528278717038,3.640836109872)
254: (1.528278717038,3.640836109872)
255: (1.528278717038,3.640836109872)
256: (1.528278717039,3.640836109872)

Value iteration converged after 256 iterations.

Precomputation took 566.447 seconds.
Coalition results (initial state): (1.528278717039,3.640836109872)

Value in the initial state: 5.1691148269110005

Time for model checking: 3178.238 seconds.

Result: 5.1691148269110005 (value in the initial state)

528278717038,3.640836109872)
254: (1.528278717038,3.640836109872)
255: (1.528278717038,3.640836109872)
256: (1.528278717039,3.640836109872)

Value iteration converged after 256 iterations.

Precomputation took 703.506 seconds.
Coalition results (initial state): (1.528278717039,3.640836109872)

Value in the initial state: 5.1691148269110005

Time for model checking: 3129.228 seconds.

Result: 5.1691148269110005 (value in the initial state)

