PRISM-games
===========

Version: 2.1 (based on PRISM 4.5.dev)
Date: Wed Jan 29 06:59:32 GMT 2020
Hostname: sand
Memory limits: cudd=1g, java(heap)=7.1g
Command line: prism-games two_investors_nash.prism two_investors_nash.props -javamaxmem 8g -prop 1 -javamaxmem 8g -const 'pbar=0.2,months=18'

Parsing model file "two_investors_nash.prism"...

Type:        CSG
Modules:     month investor1 investor2 market value probability cap 
Variables:   m r i1 i2 b1 b2 v p c 

Switching to explicit engine, which supports CSGs...

Parsing properties file "two_investors_nash.props"...

3 properties:
(1) <<investor1:investor2>>max=? (R{"profit1"}[F "finished1"] + R{"profit2"}[F "finished2"])
(2) <<investor1:investor2>>max=? (R{"profit1_lc"}[F "finished1"] + R{"profit2_ec"}[F "finished2"])
(3) <<investor1:investor2>>max=? (R{"profit1_lc"}[F "finished1"] + R{"profit2_mc"}[F "finished2"])

---------------------------------------------------------------------

Model checking: <<investor1:investor2>>max=? (R{"profit1"}[F "finished1"] + R{"profit2"}[F "finished2"])
Model constants: months=18,pbar=0.2

Building model...
Model constants: months=18,pbar=0.2

Computing reachable states... 104810 233514 313233 states
Reachable states exploration and model construction done in 7.57 secs.
Sorting reachable states list...

Time for model construction: 8.124 seconds.

Type:        CSG
States:      313233 (1 initial)
Transitions: 1463288
Choices:     521564
Max/avg:     4/1.67

Starting expected reachability (max)...
target=56992, inf=0, rest=256241
Starting value iteration (max, with Power method)...
Value iteration (max, with Power method) took 38 iterations, 51718608 multiplications and 4.358 seconds.
Expected reachability took 13.017 seconds.
Starting expected reachability (max)...
target=56992, inf=0, rest=256241
Starting value iteration (max, with Power method)...
Value iteration (max, with Power method) took 38 iterations, 51718608 multiplications and 3.62 seconds.
Expected reachability took 7.107 seconds.

0: (0.0,0.0)
1: (0.0,0.0)
2: (3.75,3.75)
3: (5.739145287427,5.0)
