PRISM-games
===========

Version: 2.1 (based on PRISM 4.5.dev)
Date: Wed Jan 29 07:25:33 GMT 2020
Hostname: sand
Memory limits: cudd=1g, java(heap)=981.5m
Command line: prism-games repudiation_malicious1.prism repudiation_malicious1.props -prop 1 -const 'p=0.1,K=0:1:20'

Parsing model file "repudiation_malicious1.prism"...

Type:        TPTG
Modules:     originator recipient 
Variables:   o x r y 

Parsing properties file "repudiation_malicious1.props"...

2 properties:
(1) <<p2>>Pmax=? [ F<=K "gains_information" ]
(2) <<p1,p2>>Pmax=? [ F<=K "gains_information" ]

---------------------------------------------------------------------

Model checking: <<p2>>Pmax=? [ F<=K "gains_information" ]
Model constants: p=0.1
Property constants: K=0

Performing digital clocks translation...
Computed clock maximums: {x=9, y=10}
Computed GCD: 1

Type:        SMG
Modules:     originator recipient timer 
Variables:   o x r y timer 

Switching to explicit engine, which supports SMGs...

Model checking: <<p2>>Pmax=? [ F "gains_information"&timer<=T ]
Property constants: K=0

Building model...

Computing reachable states... 336 states
Reachable states exploration and model construction done in 0.056 secs.
Sorting reachable states list...

Time for model construction: 0.077 seconds.

Type:        SMG
States:      336 (1 initial)
Transitions: 440
Choices:     413
Max/avg:     3/1.23

Starting probabilistic reachability...
Starting Prob0 (maxmin)...
Starting Prob1 (maxmin)...
target=0, yes=0, no=336, maybe=0
Starting value iteration (maxmin)...
Value iteration (maxmin) took 1 iterations and 0.001 seconds.
Probabilistic reachability took 0.001 seconds.

Value in the initial state: 0.0

Time for model checking: 0.007 seconds.

Result: 0.0 (value in the initial state)

---------------------------------------------------------------------

Model checking: <<p2>>Pmax=? [ F<=K "gains_information" ]
Property constants: K=1

Performing digital clocks translation...
Computed clock maximums: {x=9, y=10}
Computed GCD: 1

Type:        SMG
Modules:     originator recipient timer 
Variables:   o x r y timer 

Model checking: <<p2>>Pmax=? [ F "gains_information"&timer<=T ]
Property constants: K=1

Building model...

Computing reachable states... 337 states
Reachable states exploration and model construction done in 0.013 secs.
Sorting reachable states list...

Time for model construction: 0.016 seconds.

Type:        SMG
States:      337 (1 initial)
Transitions: 441
Choices:     414
Max/avg:     3/1.23

Starting probabilistic reachability...
Starting Prob0 (maxmin)...
Starting Prob1 (maxmin)...
target=0, yes=0, no=337, maybe=0
Starting value iteration (maxmin)...
Value iteration (maxmin) took 1 iterations and 0.0 seconds.
Probabilistic reachability took 0.0 seconds.

Value in the initial state: 0.0

Time for model checking: 0.0 seconds.

Result: 0.0 (value in the initial state)

---------------------------------------------------------------------

Model checking: <<p2>>Pmax=? [ F<=K "gains_information" ]
Property constants: K=2

Performing digital clocks translation...
Computed clock maximums: {x=9, y=10}
Computed GCD: 1

Type:        SMG
Modules:     originator recipient timer 
Variables:   o x r y timer 

Model checking: <<p2>>Pmax=? [ F "gains_information"&timer<=T ]
Property constants: K=2

Building model...

Computing reachable states... 342 states
Reachable states exploration and model construction done in 0.012 secs.
Sorting reachable states list...

Time for model construction: 0.014 seconds.

Type:        SMG
States:      342 (1 initial)
Transitions: 450
Choices:     422
Max/avg:     3/1.23

Starting probabilistic reachability...
Starting Prob0 (maxmin)...
Starting Prob1 (maxmin)...
target=0, yes=0, no=342, maybe=0
Starting value iteration (maxmin)...
Value iteration (maxmin) took 1 iterations and 0.0 seconds.
Probabilistic reachability took 0.0 seconds.

Value in the initial state: 0.0

Time for model checking: 0.0 seconds.

Result: 0.0 (value in the initial state)

---------------------------------------------------------------------

Model checking: <<p2>>Pmax=? [ F<=K "gains_information" ]
Property constants: K=3

Performing digital clocks translation...
Computed clock maximums: {x=9, y=10}
Computed GCD: 1

Type:        SMG
Modules:     originator recipient timer 
Variables:   o x r y timer 

Model checking: <<p2>>Pmax=? [ F "gains_information"&timer<=T ]
Property constants: K=3

Building model...

Computing reachable states... 354 states
Reachable states exploration and model construction done in 0.009 secs.
Sorting reachable states list...

Time for model construction: 0.011 seconds.

Type:        SMG
States:      354 (1 initial)
Transitions: 469
Choices:     439
Max/avg:     3/1.24

Starting probabilistic reachability...
Starting Prob0 (maxmin)...
Starting Prob1 (maxmin)...
target=0, yes=0, no=354, maybe=0
Starting value iteration (maxmin)...
Value iteration (maxmin) took 1 iterations and 0.0 seconds.
Probabilistic reachability took 0.0 seconds.

Value in the initial state: 0.0

Time for model checking: 0.001 seconds.

Result: 0.0 (value in the initial state)

---------------------------------------------------------------------

Model checking: <<p2>>Pmax=? [ F<=K "gains_information" ]
Property constants: K=4

Performing digital clocks translation...
Computed clock maximums: {x=9, y=10}
Computed GCD: 1

Type:        SMG
Modules:     originator recipient timer 
Variables:   o x r y timer 

Model checking: <<p2>>Pmax=? [ F "gains_information"&timer<=T ]
Property constants: K=4

Building model...

Computing reachable states... 376 states
Reachable states exploration and model construction done in 0.008 secs.
Sorting reachable states list...

Time for model construction: 0.01 seconds.

Type:        SMG
States:      376 (1 initial)
Transitions: 502
Choices:     469
Max/avg:     3/1.25

Starting probabilistic reachability...
Starting Prob0 (maxmin)...
Starting Prob1 (maxmin)...
target=0, yes=0, no=376, maybe=0
Starting value iteration (maxmin)...
Value iteration (maxmin) took 1 iterations and 0.0 seconds.
Probabilistic reachability took 0.0 seconds.

Value in the initial state: 0.0

Time for model checking: 0.0 seconds.

Result: 0.0 (value in the initial state)

---------------------------------------------------------------------

Model checking: <<p2>>Pmax=? [ F<=K "gains_information" ]
Property constants: K=5

Performing digital clocks translation...
Computed clock maximums: {x=9, y=10}
Computed GCD: 1

Type:        SMG
Modules:     originator recipient timer 
Variables:   o x r y timer 

Model checking: <<p2>>Pmax=? [ F "gains_information"&timer<=T ]
Property constants: K=5

Building model...

Computing reachable states... 411 states
Reachable states exploration and model construction done in 0.009 secs.
Sorting reachable states list...

Time for model construction: 0.011 seconds.

Type:        SMG
States:      411 (1 initial)
Transitions: 553
Choices:     516
Max/avg:     3/1.26

Starting probabilistic reachability...
Starting Prob0 (maxmin)...
Starting Prob1 (maxmin)...
target=0, yes=0, no=411, maybe=0
Starting value iteration (maxmin)...
Value iteration (maxmin) took 1 iterations and 0.0 seconds.
Probabilistic reachability took 0.0 seconds.

Value in the initial state: 0.0

Time for model checking: 0.0 seconds.

Result: 0.0 (value in the initial state)

---------------------------------------------------------------------

Model checking: <<p2>>Pmax=? [ F<=K "gains_information" ]
Property constants: K=6

Performing digital clocks translation...
Computed clock maximums: {x=9, y=10}
Computed GCD: 1

Type:        SMG
Modules:     originator recipient timer 
Variables:   o x r y timer 

Model checking: <<p2>>Pmax=? [ F "gains_information"&timer<=T ]
Property constants: K=6

Building model...

Computing reachable states... 462 states
Reachable states exploration and model construction done in 0.009 secs.
Sorting reachable states list...

Time for model construction: 0.01 seconds.

Type:        SMG
States:      462 (1 initial)
Transitions: 626
Choices:     584
Max/avg:     3/1.26

Starting probabilistic reachability...
Starting Prob0 (maxmin)...
Starting Prob1 (maxmin)...
target=0, yes=0, no=462, maybe=0
Starting value iteration (maxmin)...
Value iteration (maxmin) took 1 iterations and 0.001 seconds.
Probabilistic reachability took 0.001 seconds.

Value in the initial state: 0.0

Time for model checking: 0.001 seconds.

Result: 0.0 (value in the initial state)

---------------------------------------------------------------------

Model checking: <<p2>>Pmax=? [ F<=K "gains_information" ]
Property constants: K=7

Performing digital clocks translation...
Computed clock maximums: {x=9, y=10}
Computed GCD: 1

Type:        SMG
Modules:     originator recipient timer 
Variables:   o x r y timer 

Model checking: <<p2>>Pmax=? [ F "gains_information"&timer<=T ]
Property constants: K=7

Building model...

Computing reachable states... 539 states
Reachable states exploration and model construction done in 0.01 secs.
Sorting reachable states list...

Time for model construction: 0.012 seconds.

Type:        SMG
States:      539 (1 initial)
Transitions: 733
Choices:     685
Max/avg:     3/1.27

Starting probabilistic reachability...
Starting Prob0 (maxmin)...
Starting Prob1 (maxmin)...
target=0, yes=0, no=539, maybe=0
Starting value iteration (maxmin)...
Value iteration (maxmin) took 1 iterations and 0.0 seconds.
Probabilistic reachability took 0.001 seconds.

Value in the initial state: 0.0

Time for model checking: 0.001 seconds.

Result: 0.0 (value in the initial state)

---------------------------------------------------------------------

Model checking: <<p2>>Pmax=? [ F<=K "gains_information" ]
Property constants: K=8

Performing digital clocks translation...
Computed clock maximums: {x=9, y=10}
Computed GCD: 1

Type:        SMG
Modules:     originator recipient timer 
Variables:   o x r y timer 

Model checking: <<p2>>Pmax=? [ F "gains_information"&timer<=T ]
Property constants: K=8

Building model...

Computing reachable states... 636 states
Reachable states exploration and model construction done in 0.01 secs.
Sorting reachable states list...

Time for model construction: 0.012 seconds.

Type:        SMG
States:      636 (1 initial)
Transitions: 866
Choices:     812
Max/avg:     3/1.28

Starting probabilistic reachability...
Starting Prob0 (maxmin)...
Starting Prob1 (maxmin)...
target=0, yes=0, no=636, maybe=0
Starting value iteration (maxmin)...
Value iteration (maxmin) took 1 iterations and 0.0 seconds.
Probabilistic reachability took 0.0 seconds.

Value in the initial state: 0.0

Time for model checking: 0.0 seconds.

Result: 0.0 (value in the initial state)

---------------------------------------------------------------------

Model checking: <<p2>>Pmax=? [ F<=K "gains_information" ]
Property constants: K=9

Performing digital clocks translation...
Computed clock maximums: {x=9, y=10}
Computed GCD: 1

Type:        SMG
Modules:     originator recipient timer 
Variables:   o x r y timer 

Model checking: <<p2>>Pmax=? [ F "gains_information"&timer<=T ]
Property constants: K=9

Building model...

Computing reachable states... 754 states
Reachable states exploration and model construction done in 0.011 secs.
Sorting reachable states list...

Time for model construction: 0.014 seconds.

Type:        SMG
States:      754 (1 initial)
Transitions: 1026
Choices:     966
Max/avg:     3/1.28

Starting probabilistic reachability...
Starting Prob0 (maxmin)...
Starting Prob1 (maxmin)...
target=0, yes=0, no=754, maybe=0
Starting value iteration (maxmin)...
Value iteration (maxmin) took 1 iterations and 0.0 seconds.
Probabilistic reachability took 0.001 seconds.

Value in the initial state: 0.0

Time for model checking: 0.001 seconds.

Result: 0.0 (value in the initial state)

---------------------------------------------------------------------

Model checking: <<p2>>Pmax=? [ F<=K "gains_information" ]
Property constants: K=10

Performing digital clocks translation...
Computed clock maximums: {x=9, y=10}
Computed GCD: 1

Type:        SMG
Modules:     originator recipient timer 
Variables:   o x r y timer 

Model checking: <<p2>>Pmax=? [ F "gains_information"&timer<=T ]
Property constants: K=10

Building model...

Computing reachable states... 895 states
Reachable states exploration and model construction done in 0.013 secs.
Sorting reachable states list...

Time for model construction: 0.016 seconds.

Type:        SMG
States:      895 (1 initial)
Transitions: 1218
Choices:     1151
Max/avg:     3/1.29

Starting probabilistic reachability...
Starting Prob0 (maxmin)...
Prob0 (maxmin) took 12 iterations and 0.006 seconds.
Starting Prob1 (maxmin)...
Prob1 (maxmin) took 14 iterations and 0.006 seconds.
target=1, yes=1, no=883, maybe=11
Starting value iteration (maxmin)...
Value iteration (maxmin) took 12 iterations and 0.005 seconds.
Probabilistic reachability took 0.017 seconds.

Value in the initial state: 0.0

Time for model checking: 0.017 seconds.

Result: 0.0 (value in the initial state)

---------------------------------------------------------------------

Model checking: <<p2>>Pmax=? [ F<=K "gains_information" ]
Property constants: K=11

Performing digital clocks translation...
Computed clock maximums: {x=9, y=10}
Computed GCD: 1

Type:        SMG
Modules:     originator recipient timer 
Variables:   o x r y timer 

Model checking: <<p2>>Pmax=? [ F "gains_information"&timer<=T ]
Property constants: K=11

Building model...

Computing reachable states... 1063 states
Reachable states exploration and model construction done in 0.015 secs.
Sorting reachable states list...

Time for model construction: 0.018 seconds.

Type:        SMG
States:      1063 (1 initial)
Transitions: 1447
Choices:     1371
Max/avg:     3/1.29

Starting probabilistic reachability...
Starting Prob0 (maxmin)...
Prob0 (maxmin) took 12 iterations and 0.005 seconds.
Starting Prob1 (maxmin)...
Prob1 (maxmin) took 14 iterations and 0.006 seconds.
target=4, yes=4, no=1025, maybe=34
Starting value iteration (maxmin)...
Value iteration (maxmin) took 12 iterations and 0.002 seconds.
Probabilistic reachability took 0.013 seconds.

Value in the initial state: 0.0

Time for model checking: 0.013 seconds.

Result: 0.0 (value in the initial state)

---------------------------------------------------------------------

Model checking: <<p2>>Pmax=? [ F<=K "gains_information" ]
Property constants: K=12

Performing digital clocks translation...
Computed clock maximums: {x=9, y=10}
Computed GCD: 1

Type:        SMG
Modules:     originator recipient timer 
Variables:   o x r y timer 

Model checking: <<p2>>Pmax=? [ F "gains_information"&timer<=T ]
Property constants: K=12

Building model...

Computing reachable states... 1260 states
Reachable states exploration and model construction done in 0.015 secs.
Sorting reachable states list...

Time for model construction: 0.019 seconds.

Type:        SMG
States:      1260 (1 initial)
Transitions: 1715
Choices:     1627
Max/avg:     3/1.29

Starting probabilistic reachability...
Starting Prob0 (maxmin)...
Prob0 (maxmin) took 12 iterations and 0.005 seconds.
Starting Prob1 (maxmin)...
Prob1 (maxmin) took 14 iterations and 0.004 seconds.
target=10, yes=10, no=1180, maybe=70
Starting value iteration (maxmin)...
Value iteration (maxmin) took 12 iterations and 0.001 seconds.
Probabilistic reachability took 0.011 seconds.

Value in the initial state: 0.0

Time for model checking: 0.011 seconds.

Result: 0.0 (value in the initial state)

---------------------------------------------------------------------

Model checking: <<p2>>Pmax=? [ F<=K "gains_information" ]
Property constants: K=13

Performing digital clocks translation...
Computed clock maximums: {x=9, y=10}
Computed GCD: 1

Type:        SMG
Modules:     originator recipient timer 
Variables:   o x r y timer 

Model checking: <<p2>>Pmax=? [ F "gains_information"&timer<=T ]
Property constants: K=13

Building model...

Computing reachable states... 1486 states
Reachable states exploration and model construction done in 0.017 secs.
Sorting reachable states list...

Time for model construction: 0.02 seconds.

Type:        SMG
States:      1486 (1 initial)
Transitions: 2021
Choices:     1918
Max/avg:     3/1.29

Starting probabilistic reachability...
Starting Prob0 (maxmin)...
Prob0 (maxmin) took 12 iterations and 0.003 seconds.
Starting Prob1 (maxmin)...
Prob1 (maxmin) took 14 iterations and 0.005 seconds.
target=20, yes=20, no=1347, maybe=119
Starting value iteration (maxmin)...
Value iteration (maxmin) took 12 iterations and 0.001 seconds.
Probabilistic reachability took 0.009 seconds.

Value in the initial state: 0.0

Time for model checking: 0.01 seconds.

Result: 0.0 (value in the initial state)

---------------------------------------------------------------------

Model checking: <<p2>>Pmax=? [ F<=K "gains_information" ]
Property constants: K=14

Performing digital clocks translation...
Computed clock maximums: {x=9, y=10}
Computed GCD: 1

Type:        SMG
Modules:     originator recipient timer 
Variables:   o x r y timer 

Model checking: <<p2>>Pmax=? [ F "gains_information"&timer<=T ]
Property constants: K=14

Building model...

Computing reachable states... 1734 states
Reachable states exploration and model construction done in 0.02 secs.
Sorting reachable states list...

Time for model construction: 0.023 seconds.

Type:        SMG
States:      1734 (1 initial)
Transitions: 2355
Choices:     2234
Max/avg:     3/1.29

Starting probabilistic reachability...
Starting Prob0 (maxmin)...
Prob0 (maxmin) took 12 iterations and 0.005 seconds.
Starting Prob1 (maxmin)...
Prob1 (maxmin) took 14 iterations and 0.005 seconds.
target=35, yes=35, no=1518, maybe=181
Starting value iteration (maxmin)...
Value iteration (maxmin) took 12 iterations and 0.001 seconds.
Probabilistic reachability took 0.011 seconds.

Value in the initial state: 0.0

Time for model checking: 0.012 seconds.

Result: 0.0 (value in the initial state)

---------------------------------------------------------------------

Model checking: <<p2>>Pmax=? [ F<=K "gains_information" ]
Property constants: K=15

Performing digital clocks translation...
Computed clock maximums: {x=9, y=10}
Computed GCD: 1

Type:        SMG
Modules:     originator recipient timer 
Variables:   o x r y timer 

Model checking: <<p2>>Pmax=? [ F "gains_information"&timer<=T ]
Property constants: K=15

Building model...

Computing reachable states... 2006 states
Reachable states exploration and model construction done in 0.019 secs.
Sorting reachable states list...

Time for model construction: 0.023 seconds.

Type:        SMG
States:      2006 (1 initial)
Transitions: 2719
Choices:     2577
Max/avg:     3/1.28

Starting probabilistic reachability...
Starting Prob0 (maxmin)...
Prob0 (maxmin) took 12 iterations and 0.009 seconds.
Starting Prob1 (maxmin)...
Prob1 (maxmin) took 14 iterations and 0.008 seconds.
target=56, yes=56, no=1693, maybe=257
Starting value iteration (maxmin)...
Value iteration (maxmin) took 12 iterations and 0.003 seconds.
Probabilistic reachability took 0.02 seconds.

Value in the initial state: 0.0

Time for model checking: 0.021 seconds.

Result: 0.0 (value in the initial state)

---------------------------------------------------------------------

Model checking: <<p2>>Pmax=? [ F<=K "gains_information" ]
Property constants: K=16

Performing digital clocks translation...
Computed clock maximums: {x=9, y=10}
Computed GCD: 1

Type:        SMG
Modules:     originator recipient timer 
Variables:   o x r y timer 

Model checking: <<p2>>Pmax=? [ F "gains_information"&timer<=T ]
Property constants: K=16

Building model...

Computing reachable states... 2304 states
Reachable states exploration and model construction done in 0.018 secs.
Sorting reachable states list...

Time for model construction: 0.024 seconds.

Type:        SMG
States:      2304 (1 initial)
Transitions: 3115
Choices:     2949
Max/avg:     3/1.28

Starting probabilistic reachability...
Starting Prob0 (maxmin)...
Prob0 (maxmin) took 12 iterations and 0.004 seconds.
Starting Prob1 (maxmin)...
Prob1 (maxmin) took 14 iterations and 0.006 seconds.
target=84, yes=84, no=1875, maybe=345
Starting value iteration (maxmin)...
Value iteration (maxmin) took 12 iterations and 0.002 seconds.
Probabilistic reachability took 0.012 seconds.

Value in the initial state: 0.0

Time for model checking: 0.013 seconds.

Result: 0.0 (value in the initial state)

---------------------------------------------------------------------

Model checking: <<p2>>Pmax=? [ F<=K "gains_information" ]
Property constants: K=17

Performing digital clocks translation...
Computed clock maximums: {x=9, y=10}
Computed GCD: 1

Type:        SMG
Modules:     originator recipient timer 
Variables:   o x r y timer 

Model checking: <<p2>>Pmax=? [ F "gains_information"&timer<=T ]
Property constants: K=17

Building model...

Computing reachable states... 2630 states
Reachable states exploration and model construction done in 0.02 secs.
Sorting reachable states list...

Time for model construction: 0.025 seconds.

Type:        SMG
States:      2630 (1 initial)
Transitions: 3545
Choices:     3352
Max/avg:     3/1.27

Starting probabilistic reachability...
Starting Prob0 (maxmin)...
Prob0 (maxmin) took 23 iterations and 0.007 seconds.
Starting Prob1 (maxmin)...
Prob1 (maxmin) took 25 iterations and 0.009 seconds.
target=120, yes=120, no=2054, maybe=456
Starting value iteration (maxmin)...
Value iteration (maxmin) took 23 iterations and 0.006 seconds.
Probabilistic reachability took 0.022 seconds.

Value in the initial state: 0.1

Time for model checking: 0.022 seconds.

Result: 0.1 (value in the initial state)

---------------------------------------------------------------------

Model checking: <<p2>>Pmax=? [ F<=K "gains_information" ]
Property constants: K=18

Performing digital clocks translation...
Computed clock maximums: {x=9, y=10}
Computed GCD: 1

Type:        SMG
Modules:     originator recipient timer 
Variables:   o x r y timer 

Model checking: <<p2>>Pmax=? [ F "gains_information"&timer<=T ]
Property constants: K=18

Building model...

Computing reachable states... 2958 states
Reachable states exploration and model construction done in 0.019 secs.
Sorting reachable states list...

Time for model construction: 0.025 seconds.

Type:        SMG
States:      2958 (1 initial)
Transitions: 3977
Choices:     3757
Max/avg:     3/1.27

Starting probabilistic reachability...
Starting Prob0 (maxmin)...
Prob0 (maxmin) took 23 iterations and 0.006 seconds.
Starting Prob1 (maxmin)...
Prob1 (maxmin) took 25 iterations and 0.012 seconds.
target=157, yes=157, no=2236, maybe=565
Starting value iteration (maxmin)...
Value iteration (maxmin) took 23 iterations and 0.002 seconds.
Probabilistic reachability took 0.021 seconds.

Value in the initial state: 0.1

Time for model checking: 0.021 seconds.

Result: 0.1 (value in the initial state)

---------------------------------------------------------------------

Model checking: <<p2>>Pmax=? [ F<=K "gains_information" ]
Property constants: K=19

Performing digital clocks translation...
Computed clock maximums: {x=9, y=10}
Computed GCD: 1

Type:        SMG
Modules:     originator recipient timer 
Variables:   o x r y timer 

Model checking: <<p2>>Pmax=? [ F "gains_information"&timer<=T ]
Property constants: K=19

Building model...

Computing reachable states... 3288 states
Reachable states exploration and model construction done in 0.021 secs.
Sorting reachable states list...

Time for model construction: 0.027 seconds.

Type:        SMG
States:      3288 (1 initial)
Transitions: 4411
Choices:     4164
Max/avg:     3/1.27

Starting probabilistic reachability...
Starting Prob0 (maxmin)...
Prob0 (maxmin) took 23 iterations and 0.007 seconds.
Starting Prob1 (maxmin)...
Prob1 (maxmin) took 25 iterations and 0.013 seconds.
target=195, yes=195, no=2401, maybe=692
Starting value iteration (maxmin)...
Value iteration (maxmin) took 23 iterations and 0.002 seconds.
Probabilistic reachability took 0.022 seconds.

Value in the initial state: 0.1

Time for model checking: 0.024 seconds.

Result: 0.1 (value in the initial state)

---------------------------------------------------------------------

Model checking: <<p2>>Pmax=? [ F<=K "gains_information" ]
Property constants: K=20

Performing digital clocks translation...
Computed clock maximums: {x=9, y=10}
Computed GCD: 1

Type:        SMG
Modules:     originator recipient timer 
Variables:   o x r y timer 

Model checking: <<p2>>Pmax=? [ F "gains_information"&timer<=T ]
Property constants: K=20

Building model...

Computing reachable states... 3620 states
Reachable states exploration and model construction done in 0.022 secs.
Sorting reachable states list...

Time for model construction: 0.028 seconds.

Type:        SMG
States:      3620 (1 initial)
Transitions: 4847
Choices:     4573
Max/avg:     3/1.26

Starting probabilistic reachability...
Starting Prob0 (maxmin)...
Prob0 (maxmin) took 23 iterations and 0.008 seconds.
Starting Prob1 (maxmin)...
Prob1 (maxmin) took 25 iterations and 0.013 seconds.
target=234, yes=234, no=2550, maybe=836
Starting value iteration (maxmin)...
Value iteration (maxmin) took 23 iterations and 0.003 seconds.
Probabilistic reachability took 0.024 seconds.

Value in the initial state: 0.1

Time for model checking: 0.025 seconds.

Result: 0.1 (value in the initial state)

