PRISM-games
===========

Version: 2.1 (based on PRISM 4.5.dev)
Date: Wed Jan 29 07:23:51 GMT 2020
Hostname: sand
Memory limits: cudd=1g, java(heap)=981.5m
Command line: prism-games robot_coordination.prism robot_coordination.props -prop 2 -const 'q=0.1,l=10,k=9:1:14'

Parsing model file "robot_coordination.prism"...

Type:        CSG
Modules:     m1 m2 
Variables:   x1 y1 x2 y2 

Switching to explicit engine, which supports CSGs...

Parsing properties file "robot_coordination.props"...

2 properties:
(1) <<p1>>Pmax=? [ !"crash" U<=k "goal1" ]/2
(2) <<p1:p2>>max=? (P[!"crash" U<=k "goal1"] + P[!"crash" U<=k "goal2"])/2

---------------------------------------------------------------------

Model checking: <<p1:p2>>max=? (P[!"crash" U<=k "goal1"] + P[!"crash" U<=k "goal2"])/2
Model constants: q=0.1,l=10
Property constants: k=9

Building model...
Model constants: q=0.1,l=10

Computing reachable states... 9802 states
Reachable states exploration and model construction done in 2.424 secs.
Sorting reachable states list...

Time for model construction: 2.623 seconds.

Type:        CSG
States:      9802 (1 initial)
Transitions: 549130
Choices:     67090
Max/avg:     9/6.84

-- Bounded Equilibria
1: (0.0,0.0)
2: (0.0,0.0)
3: (0.0,0.0)
4: (0.0,0.0)
5: (0.0,0.0)
6: (0.0,0.0)
7: (0.0,0.0)
8: (0.0,0.0)
9: (0.387420488999,0.387420488999)

Precomputation took 2.067 seconds.
Coalition results (initial state): (0.387420488999,0.387420488999)

Value in the initial state: 0.387420488999

Time for model checking: 4.564 seconds.

Result: 0.387420488999 (value in the initial state)

---------------------------------------------------------------------

Model checking: <<p1:p2>>max=? (P[!"crash" U<=k "goal1"] + P[!"crash" U<=k "goal2"])/2
Model constants: q=0.1,l=10
Property constants: k=10

-- Bounded Equilibria
1: (0.0,0.0)
2: (0.0,0.0)
3: (0.0,0.0)
4: (0.0,0.0)
5: (0.0,0.0)
6: (0.0,0.0)
7: (0.0,0.0)
8: (0.0,0.0)
9: (0.387420488999,0.387420488999)
10: (0.79916217089,0.793234637409)

Precomputation took 2.03 seconds.
Coalition results (initial state): (0.79916217089,0.793234637409)

Value in the initial state: 0.7961984041495

Time for model checking: 3.864 seconds.

Result: 0.7961984041495 (value in the initial state)

---------------------------------------------------------------------

Model checking: <<p1:p2>>max=? (P[!"crash" U<=k "goal1"] + P[!"crash" U<=k "goal2"])/2
Model constants: q=0.1,l=10
Property constants: k=11

-- Bounded Equilibria
1: (0.0,0.0)
2: (0.0,0.0)
3: (0.0,0.0)
4: (0.0,0.0)
5: (0.0,0.0)
6: (0.0,0.0)
7: (0.0,0.0)
8: (0.0,0.0)
9: (0.387420488999,0.387420488999)
10: (0.79916217089,0.793234637409)
11: (0.960962580752,0.960937298355)

Precomputation took 3.29 seconds.
Coalition results (initial state): (0.960962580752,0.960937298355)

Value in the initial state: 0.9609499395534999

Time for model checking: 6.341 seconds.

Result: 0.9609499395534999 (value in the initial state)

---------------------------------------------------------------------

Model checking: <<p1:p2>>max=? (P[!"crash" U<=k "goal1"] + P[!"crash" U<=k "goal2"])/2
Model constants: q=0.1,l=10
Property constants: k=12

-- Bounded Equilibria
1: (0.0,0.0)
2: (0.0,0.0)
3: (0.0,0.0)
4: (0.0,0.0)
5: (0.0,0.0)
6: (0.0,0.0)
7: (0.0,0.0)
8: (0.0,0.0)
9: (0.387420488999,0.387420488999)
10: (0.79916217089,0.793234637409)
11: (0.960962580752,0.960937298355)
12: (0.994412654327,0.994245387495)

Precomputation took 2.953 seconds.
Coalition results (initial state): (0.994412654327,0.994245387495)

Value in the initial state: 0.9943290209110001

Time for model checking: 7.43 seconds.

Result: 0.9943290209110001 (value in the initial state)

---------------------------------------------------------------------

Model checking: <<p1:p2>>max=? (P[!"crash" U<=k "goal1"] + P[!"crash" U<=k "goal2"])/2
Model constants: q=0.1,l=10
Property constants: k=13

-- Bounded Equilibria
1: (0.0,0.0)
2: (0.0,0.0)
3: (0.0,0.0)
4: (0.0,0.0)
5: (0.0,0.0)
6: (0.0,0.0)
7: (0.0,0.0)
8: (0.0,0.0)
9: (0.387420488999,0.387420488999)
10: (0.79916217089,0.793234637409)
11: (0.960962580752,0.960937298355)
12: (0.994412654327,0.994245387495)
13: (0.999256818823,0.999269929055)

Precomputation took 4.775 seconds.
Coalition results (initial state): (0.999256818823,0.999269929055)

Value in the initial state: 0.999263373939

Time for model checking: 11.399 seconds.

Result: 0.999263373939 (value in the initial state)

---------------------------------------------------------------------

Model checking: <<p1:p2>>max=? (P[!"crash" U<=k "goal1"] + P[!"crash" U<=k "goal2"])/2
Model constants: q=0.1,l=10
Property constants: k=14

-- Bounded Equilibria
1: (0.0,0.0)
2: (0.0,0.0)
3: (0.0,0.0)
4: (0.0,0.0)
5: (0.0,0.0)
6: (0.0,0.0)
7: (0.0,0.0)
8: (0.0,0.0)
9: (0.387420488999,0.387420488999)
10: (0.79916217089,0.793234637409)
11: (0.960962580752,0.960937298355)
12: (0.994412654327,0.994245387495)
13: (0.999256818823,0.999269929055)
14: (0.999949695129,0.999948063478)

Precomputation took 5.215 seconds.
Coalition results (initial state): (0.999949695129,0.999948063478)

Value in the initial state: 0.9999488793035001

Time for model checking: 19.168 seconds.

Result: 0.9999488793035001 (value in the initial state)

